{"/Users/andreagiammarchi/code/broadcast/build/broadcast.node.js":{"path":"/Users/andreagiammarchi/code/broadcast/build/broadcast.node.js","s":{"1":1,"2":2,"3":16,"4":15,"5":15,"6":15,"7":22,"8":22,"9":22,"10":15,"11":15,"12":1,"13":1,"14":1,"15":1,"16":1,"17":7,"18":1,"19":1,"20":37,"21":1,"22":17,"23":17,"24":2,"25":2,"26":2,"27":2,"28":15,"29":15,"30":18,"31":15,"32":15,"33":15,"34":15,"35":9,"36":15,"37":1,"38":17,"39":17,"40":2,"41":2,"42":17,"43":5,"44":12,"45":11,"46":17,"47":2,"48":4,"49":4,"50":1,"51":1,"52":3,"53":3,"54":3,"55":2,"56":1,"57":2,"58":1,"59":2,"60":2,"61":2,"62":2,"63":1,"64":1},"b":{"1":[2,1],"2":[2,1],"3":[2,1],"4":[22,7],"5":[1,1],"6":[1,1],"7":[26,11],"8":[2,15],"9":[2,15],"10":[5,12],"11":[17,15],"12":[11,1],"13":[2,1],"14":[1,3],"15":[2,1],"16":[1,1]},"f":{"1":2,"2":16,"3":15,"4":15,"5":22,"6":15,"7":15,"8":1,"9":1,"10":1,"11":7,"12":1,"13":37,"14":17,"15":2,"16":17,"17":2,"18":4,"19":1,"20":2,"21":2},"fnMap":{"1":{"name":"create","line":56,"loc":{"start":{"line":56,"column":0},"end":{"line":56,"column":19}}},"2":{"name":"(anonymous_2)","line":66,"loc":{"start":{"line":66,"column":16},"end":{"line":66,"column":32}}},"3":{"name":"(anonymous_3)","line":70,"loc":{"start":{"line":70,"column":21},"end":{"line":70,"column":37}}},"4":{"name":"(anonymous_4)","line":72,"loc":{"start":{"line":72,"column":13},"end":{"line":72,"column":25}}},"5":{"name":"indexOf","line":77,"loc":{"start":{"line":77,"column":41},"end":{"line":77,"column":61}}},"6":{"name":"(anonymous_6)","line":83,"loc":{"start":{"line":83,"column":6},"end":{"line":83,"column":23}}},"7":{"name":"(anonymous_7)","line":84,"loc":{"start":{"line":84,"column":22},"end":{"line":84,"column":36}}},"8":{"name":"(anonymous_8)","line":88,"loc":{"start":{"line":88,"column":6},"end":{"line":88,"column":23}}},"9":{"name":"(anonymous_9)","line":93,"loc":{"start":{"line":93,"column":7},"end":{"line":93,"column":23}}},"10":{"name":"(anonymous_10)","line":96,"loc":{"start":{"line":96,"column":20},"end":{"line":96,"column":33}}},"11":{"name":"(anonymous_11)","line":101,"loc":{"start":{"line":101,"column":15},"end":{"line":101,"column":28}}},"12":{"name":"(anonymous_12)","line":104,"loc":{"start":{"line":104,"column":15},"end":{"line":104,"column":31}}},"13":{"name":"get","line":115,"loc":{"start":{"line":115,"column":2},"end":{"line":115,"column":21}}},"14":{"name":"that","line":124,"loc":{"start":{"line":124,"column":2},"end":{"line":124,"column":22}}},"15":{"name":"(anonymous_15)","line":136,"loc":{"start":{"line":136,"column":13},"end":{"line":136,"column":25}}},"16":{"name":"when","line":162,"loc":{"start":{"line":162,"column":2},"end":{"line":162,"column":32}}},"17":{"name":"(anonymous_17)","line":165,"loc":{"start":{"line":165,"column":24},"end":{"line":165,"column":43}}},"18":{"name":"drop","line":222,"loc":{"start":{"line":222,"column":10},"end":{"line":222,"column":40}}},"19":{"name":"(anonymous_19)","line":235,"loc":{"start":{"line":235,"column":11},"end":{"line":235,"column":23}}},"20":{"name":"all","line":243,"loc":{"start":{"line":243,"column":9},"end":{"line":243,"column":38}}},"21":{"name":"fn","line":245,"loc":{"start":{"line":245,"column":25},"end":{"line":245,"column":39}}}},"statementMap":{"1":{"start":{"line":56,"column":0},"end":{"line":255,"column":1}},"2":{"start":{"line":58,"column":2},"end":{"line":110,"column":3}},"3":{"start":{"line":67,"column":6},"end":{"line":67,"column":29}},"4":{"start":{"line":71,"column":6},"end":{"line":71,"column":20}},"5":{"start":{"line":72,"column":6},"end":{"line":74,"column":8}},"6":{"start":{"line":73,"column":8},"end":{"line":73,"column":41}},"7":{"start":{"line":78,"column":6},"end":{"line":78,"column":26}},"8":{"start":{"line":79,"column":6},"end":{"line":79,"column":37}},"9":{"start":{"line":80,"column":6},"end":{"line":80,"column":15}},"10":{"start":{"line":84,"column":8},"end":{"line":86,"column":11}},"11":{"start":{"line":85,"column":10},"end":{"line":85,"column":35}},"12":{"start":{"line":89,"column":8},"end":{"line":89,"column":38}},"13":{"start":{"line":94,"column":8},"end":{"line":107,"column":10}},"14":{"start":{"line":97,"column":12},"end":{"line":97,"column":39}},"15":{"start":{"line":98,"column":12},"end":{"line":98,"column":27}},"16":{"start":{"line":99,"column":12},"end":{"line":99,"column":27}},"17":{"start":{"line":102,"column":12},"end":{"line":102,"column":41}},"18":{"start":{"line":105,"column":12},"end":{"line":105,"column":33}},"19":{"start":{"line":115,"column":2},"end":{"line":122,"column":3}},"20":{"start":{"line":116,"column":4},"end":{"line":121,"column":9}},"21":{"start":{"line":124,"column":2},"end":{"line":160,"column":3}},"22":{"start":{"line":125,"column":4},"end":{"line":130,"column":5}},"23":{"start":{"line":133,"column":4},"end":{"line":158,"column":5}},"24":{"start":{"line":136,"column":6},"end":{"line":140,"column":8}},"25":{"start":{"line":137,"column":8},"end":{"line":137,"column":26}},"26":{"start":{"line":138,"column":8},"end":{"line":138,"column":41}},"27":{"start":{"line":139,"column":8},"end":{"line":139,"column":38}},"28":{"start":{"line":146,"column":6},"end":{"line":146,"column":21}},"29":{"start":{"line":147,"column":6},"end":{"line":147,"column":53}},"30":{"start":{"line":147,"column":22},"end":{"line":147,"column":53}},"31":{"start":{"line":148,"column":6},"end":{"line":148,"column":12}},"32":{"start":{"line":149,"column":6},"end":{"line":149,"column":27}},"33":{"start":{"line":156,"column":6},"end":{"line":156,"column":34}},"34":{"start":{"line":157,"column":6},"end":{"line":157,"column":77}},"35":{"start":{"line":157,"column":22},"end":{"line":157,"column":77}},"36":{"start":{"line":159,"column":4},"end":{"line":159,"column":24}},"37":{"start":{"line":162,"column":2},"end":{"line":175,"column":3}},"38":{"start":{"line":163,"column":4},"end":{"line":163,"column":30}},"39":{"start":{"line":164,"column":4},"end":{"line":168,"column":5}},"40":{"start":{"line":165,"column":6},"end":{"line":167,"column":9}},"41":{"start":{"line":166,"column":8},"end":{"line":166,"column":27}},"42":{"start":{"line":169,"column":4},"end":{"line":173,"column":5}},"43":{"start":{"line":170,"column":6},"end":{"line":170,"column":62}},"44":{"start":{"line":171,"column":11},"end":{"line":173,"column":5}},"45":{"start":{"line":172,"column":6},"end":{"line":172,"column":29}},"46":{"start":{"line":174,"column":4},"end":{"line":174,"column":15}},"47":{"start":{"line":179,"column":2},"end":{"line":254,"column":5}},"48":{"start":{"line":223,"column":6},"end":{"line":223,"column":39}},"49":{"start":{"line":224,"column":6},"end":{"line":231,"column":7}},"50":{"start":{"line":225,"column":8},"end":{"line":225,"column":31}},"51":{"start":{"line":226,"column":8},"end":{"line":226,"column":23}},"52":{"start":{"line":228,"column":8},"end":{"line":228,"column":26}},"53":{"start":{"line":229,"column":8},"end":{"line":229,"column":39}},"54":{"start":{"line":230,"column":8},"end":{"line":230,"column":32}},"55":{"start":{"line":230,"column":16},"end":{"line":230,"column":32}},"56":{"start":{"line":236,"column":6},"end":{"line":236,"column":23}},"57":{"start":{"line":244,"column":6},"end":{"line":252,"column":7}},"58":{"start":{"line":245,"column":8},"end":{"line":250,"column":11}},"59":{"start":{"line":246,"column":10},"end":{"line":246,"column":25}},"60":{"start":{"line":247,"column":10},"end":{"line":247,"column":25}},"61":{"start":{"line":248,"column":10},"end":{"line":248,"column":24}},"62":{"start":{"line":249,"column":10},"end":{"line":249,"column":66}},"63":{"start":{"line":251,"column":8},"end":{"line":251,"column":37}},"64":{"start":{"line":256,"column":0},"end":{"line":256,"column":32}}},"branchMap":{"1":{"line":62,"type":"binary-expr","locations":[{"start":{"line":62,"column":9},"end":{"line":62,"column":17}},{"start":{"line":62,"column":21},"end":{"line":62,"column":22}}]},"2":{"line":70,"type":"binary-expr","locations":[{"start":{"line":70,"column":11},"end":{"line":70,"column":17}},{"start":{"line":70,"column":21},"end":{"line":75,"column":5}}]},"3":{"line":77,"type":"binary-expr","locations":[{"start":{"line":77,"column":14},"end":{"line":77,"column":37}},{"start":{"line":77,"column":41},"end":{"line":81,"column":5}}]},"4":{"line":79,"type":"binary-expr","locations":[{"start":{"line":79,"column":13},"end":{"line":79,"column":16}},{"start":{"line":79,"column":20},"end":{"line":79,"column":33}}]},"5":{"line":82,"type":"cond-expr","locations":[{"start":{"line":83,"column":6},"end":{"line":87,"column":7}},{"start":{"line":88,"column":6},"end":{"line":90,"column":7}}]},"6":{"line":92,"type":"cond-expr","locations":[{"start":{"line":93,"column":7},"end":{"line":108,"column":15}},{"start":{"line":109,"column":6},"end":{"line":109,"column":19}}]},"7":{"line":116,"type":"cond-expr","locations":[{"start":{"line":117,"column":6},"end":{"line":117,"column":13}},{"start":{"line":118,"column":7},"end":{"line":121,"column":7}}]},"8":{"line":133,"type":"if","locations":[{"start":{"line":133,"column":4},"end":{"line":133,"column":4}},{"start":{"line":133,"column":4},"end":{"line":133,"column":4}}]},"9":{"line":164,"type":"if","locations":[{"start":{"line":164,"column":4},"end":{"line":164,"column":4}},{"start":{"line":164,"column":4},"end":{"line":164,"column":4}}]},"10":{"line":169,"type":"if","locations":[{"start":{"line":169,"column":4},"end":{"line":169,"column":4}},{"start":{"line":169,"column":4},"end":{"line":169,"column":4}}]},"11":{"line":169,"type":"binary-expr","locations":[{"start":{"line":169,"column":8},"end":{"line":169,"column":14}},{"start":{"line":169,"column":18},"end":{"line":169,"column":27}}]},"12":{"line":171,"type":"if","locations":[{"start":{"line":171,"column":11},"end":{"line":171,"column":11}},{"start":{"line":171,"column":11},"end":{"line":171,"column":11}}]},"13":{"line":179,"type":"binary-expr","locations":[{"start":{"line":179,"column":10},"end":{"line":179,"column":18}},{"start":{"line":179,"column":22},"end":{"line":179,"column":23}}]},"14":{"line":224,"type":"if","locations":[{"start":{"line":224,"column":6},"end":{"line":224,"column":6}},{"start":{"line":224,"column":6},"end":{"line":224,"column":6}}]},"15":{"line":230,"type":"if","locations":[{"start":{"line":230,"column":8},"end":{"line":230,"column":8}},{"start":{"line":230,"column":8},"end":{"line":230,"column":8}}]},"16":{"line":244,"type":"if","locations":[{"start":{"line":244,"column":6},"end":{"line":244,"column":6}},{"start":{"line":244,"column":6},"end":{"line":244,"column":6}}]}}}}