{"/Users/agiammarchi/git/broadcast/cjs/index.js":{"path":"/Users/agiammarchi/git/broadcast/cjs/index.js","s":{"1":1,"2":2,"3":2,"4":1,"5":2,"6":2,"7":1,"8":2,"9":1,"10":4,"11":4,"12":2,"13":2,"14":2,"15":1,"16":14,"17":9,"18":9,"19":9,"20":6,"21":9,"22":2,"23":9,"24":5,"25":1,"26":8,"27":8,"28":2,"29":8,"30":6,"31":4,"32":2,"33":2,"34":1,"35":4,"36":4,"37":2,"38":1,"39":23,"40":1,"41":4,"42":4,"43":4,"44":1},"b":{"1":[1,1],"2":[2,2],"3":[9,5],"4":[2,6],"5":[6,2],"6":[4,2],"7":[2,2],"8":[23,4]},"f":{"1":2,"2":2,"3":4,"4":14,"5":8,"6":2,"7":4,"8":23,"9":4},"fnMap":{"1":{"name":"broadcast","line":2,"loc":{"start":{"line":2,"column":0},"end":{"line":2,"column":21}}},"2":{"name":"all","line":11,"loc":{"start":{"line":11,"column":2},"end":{"line":11,"column":24}}},"3":{"name":"drop","line":17,"loc":{"start":{"line":17,"column":2},"end":{"line":17,"column":25}}},"4":{"name":"that","line":26,"loc":{"start":{"line":26,"column":2},"end":{"line":26,"column":29}}},"5":{"name":"when","line":37,"loc":{"start":{"line":37,"column":2},"end":{"line":37,"column":25}}},"6":{"name":"(anonymous_6)","line":46,"loc":{"start":{"line":46,"column":25},"end":{"line":46,"column":38}}},"7":{"name":"_cancel","line":48,"loc":{"start":{"line":48,"column":2},"end":{"line":48,"column":25}}},"8":{"name":"_get","line":53,"loc":{"start":{"line":53,"column":2},"end":{"line":53,"column":22}}},"9":{"name":"_set","line":56,"loc":{"start":{"line":56,"column":2},"end":{"line":56,"column":22}}}},"statementMap":{"1":{"start":{"line":2,"column":0},"end":{"line":61,"column":1}},"2":{"start":{"line":3,"column":2},"end":{"line":3,"column":20}},"3":{"start":{"line":4,"column":2},"end":{"line":10,"column":4}},"4":{"start":{"line":11,"column":2},"end":{"line":16,"column":3}},"5":{"start":{"line":12,"column":4},"end":{"line":12,"column":23}},"6":{"start":{"line":13,"column":4},"end":{"line":14,"column":18}},"7":{"start":{"line":14,"column":6},"end":{"line":14,"column":18}},"8":{"start":{"line":15,"column":4},"end":{"line":15,"column":18}},"9":{"start":{"line":17,"column":2},"end":{"line":25,"column":3}},"10":{"start":{"line":18,"column":4},"end":{"line":18,"column":23}},"11":{"start":{"line":19,"column":4},"end":{"line":24,"column":23}},"12":{"start":{"line":20,"column":6},"end":{"line":20,"column":22}},"13":{"start":{"line":21,"column":6},"end":{"line":21,"column":22}},"14":{"start":{"line":24,"column":6},"end":{"line":24,"column":23}},"15":{"start":{"line":26,"column":2},"end":{"line":36,"column":3}},"16":{"start":{"line":27,"column":4},"end":{"line":35,"column":35}},"17":{"start":{"line":28,"column":6},"end":{"line":28,"column":25}},"18":{"start":{"line":29,"column":6},"end":{"line":29,"column":35}},"19":{"start":{"line":30,"column":6},"end":{"line":30,"column":47}},"20":{"start":{"line":30,"column":25},"end":{"line":30,"column":47}},"21":{"start":{"line":31,"column":6},"end":{"line":31,"column":47}},"22":{"start":{"line":31,"column":25},"end":{"line":31,"column":47}},"23":{"start":{"line":32,"column":6},"end":{"line":32,"column":31}},"24":{"start":{"line":35,"column":6},"end":{"line":35,"column":35}},"25":{"start":{"line":37,"column":2},"end":{"line":47,"column":3}},"26":{"start":{"line":38,"column":4},"end":{"line":38,"column":23}},"27":{"start":{"line":39,"column":4},"end":{"line":40,"column":38}},"28":{"start":{"line":40,"column":6},"end":{"line":40,"column":38}},"29":{"start":{"line":41,"column":4},"end":{"line":46,"column":56}},"30":{"start":{"line":42,"column":6},"end":{"line":43,"column":20}},"31":{"start":{"line":43,"column":8},"end":{"line":43,"column":20}},"32":{"start":{"line":46,"column":6},"end":{"line":46,"column":56}},"33":{"start":{"line":46,"column":40},"end":{"line":46,"column":52}},"34":{"start":{"line":48,"column":2},"end":{"line":52,"column":3}},"35":{"start":{"line":49,"column":4},"end":{"line":49,"column":25}},"36":{"start":{"line":50,"column":4},"end":{"line":51,"column":21}},"37":{"start":{"line":51,"column":6},"end":{"line":51,"column":21}},"38":{"start":{"line":53,"column":2},"end":{"line":55,"column":3}},"39":{"start":{"line":54,"column":4},"end":{"line":54,"column":39}},"40":{"start":{"line":56,"column":2},"end":{"line":60,"column":3}},"41":{"start":{"line":57,"column":4},"end":{"line":57,"column":43}},"42":{"start":{"line":58,"column":4},"end":{"line":58,"column":21}},"43":{"start":{"line":59,"column":4},"end":{"line":59,"column":13}},"44":{"start":{"line":62,"column":0},"end":{"line":62,"column":29}}},"branchMap":{"1":{"line":13,"type":"if","locations":[{"start":{"line":13,"column":4},"end":{"line":13,"column":4}},{"start":{"line":13,"column":4},"end":{"line":13,"column":4}}]},"2":{"line":19,"type":"if","locations":[{"start":{"line":19,"column":4},"end":{"line":19,"column":4}},{"start":{"line":19,"column":4},"end":{"line":19,"column":4}}]},"3":{"line":27,"type":"if","locations":[{"start":{"line":27,"column":4},"end":{"line":27,"column":4}},{"start":{"line":27,"column":4},"end":{"line":27,"column":4}}]},"4":{"line":39,"type":"if","locations":[{"start":{"line":39,"column":4},"end":{"line":39,"column":4}},{"start":{"line":39,"column":4},"end":{"line":39,"column":4}}]},"5":{"line":41,"type":"if","locations":[{"start":{"line":41,"column":4},"end":{"line":41,"column":4}},{"start":{"line":41,"column":4},"end":{"line":41,"column":4}}]},"6":{"line":42,"type":"if","locations":[{"start":{"line":42,"column":6},"end":{"line":42,"column":6}},{"start":{"line":42,"column":6},"end":{"line":42,"column":6}}]},"7":{"line":50,"type":"if","locations":[{"start":{"line":50,"column":4},"end":{"line":50,"column":4}},{"start":{"line":50,"column":4},"end":{"line":50,"column":4}}]},"8":{"line":54,"type":"binary-expr","locations":[{"start":{"line":54,"column":11},"end":{"line":54,"column":24}},{"start":{"line":54,"column":28},"end":{"line":54,"column":38}}]}}}}