TN:
SF:/Users/agiammarchi/git/broadcast/cjs/index.js
FN:2,broadcast
FN:11,all
FN:17,drop
FN:26,that
FN:37,when
FN:46,(anonymous_6)
FN:48,_cancel
FN:53,_get
FN:56,_set
FNF:9
FNH:9
FNDA:2,broadcast
FNDA:2,all
FNDA:3,drop
FNDA:13,that
FNDA:7,when
FNDA:2,(anonymous_6)
FNDA:4,_cancel
FNDA:20,_get
FNDA:3,_set
DA:2,1
DA:3,2
DA:4,2
DA:11,1
DA:12,2
DA:13,2
DA:14,1
DA:15,2
DA:17,1
DA:18,3
DA:19,3
DA:20,2
DA:21,2
DA:24,1
DA:26,1
DA:27,13
DA:28,8
DA:29,8
DA:30,8
DA:31,8
DA:32,8
DA:35,5
DA:37,1
DA:38,7
DA:39,7
DA:40,2
DA:41,7
DA:42,5
DA:43,3
DA:46,2
DA:48,1
DA:49,4
DA:50,4
DA:51,2
DA:53,1
DA:54,20
DA:56,1
DA:57,3
DA:58,3
DA:59,3
DA:62,1
LF:41
LH:41
BRDA:13,1,0,1
BRDA:13,1,1,1
BRDA:19,2,0,2
BRDA:19,2,1,1
BRDA:27,3,0,8
BRDA:27,3,1,5
BRDA:39,4,0,2
BRDA:39,4,1,5
BRDA:41,5,0,5
BRDA:41,5,1,2
BRDA:42,6,0,3
BRDA:42,6,1,2
BRDA:50,7,0,2
BRDA:50,7,1,2
BRDA:54,8,0,20
BRDA:54,8,1,3
BRF:16
BRH:16
end_of_record
